<?xml version="1.0" encoding="UTF-8"?>
<testsuite name="org.generation.app.Sp3EcommerceApplicationTests" tests="1" skipped="0" failures="0" errors="0" timestamp="2024-01-18T16:44:16" hostname="DESKTOP-E0VR2JK" time="0.662">
  <properties/>
  <testcase name="contextLoads()" classname="org.generation.app.Sp3EcommerceApplicationTests" time="0.662"/>
  <system-out><![CDATA[Standard Commons Logging discovery in action with spring-jcl: please remove commons-logging.jar from classpath in order to avoid potential conflicts
10:44:09.878 [Test worker] INFO org.springframework.test.context.support.AnnotationConfigContextLoaderUtils -- Could not detect default configuration classes for test class [org.generation.app.Sp3EcommerceApplicationTests]: Sp3EcommerceApplicationTests does not declare any static, non-private, non-final, nested classes annotated with @Configuration.
10:44:10.020 [Test worker] INFO org.springframework.boot.test.context.SpringBootTestContextBootstrapper -- Found @SpringBootConfiguration org.generation.app.Sp3EcommerceApplication for test class org.generation.app.Sp3EcommerceApplicationTests

  .   ____          _            __ _ _
 /\\ / ___'_ __ _ _(_)_ __  __ _ \ \ \ \
( ( )\___ | '_ | '_| | '_ \/ _` | \ \ \ \
 \\/  ___)| |_)| | | | | || (_| |  ) ) ) )
  '  |____| .__|_| |_|_| |_\__, | / / / /
 =========|_|==============|___/=/_/_/_/
 :: Spring Boot ::                (v3.2.1)

2024-01-18T10:44:10.639-06:00  INFO 12900 --- [    Test worker] o.g.app.Sp3EcommerceApplicationTests     : Starting Sp3EcommerceApplicationTests using Java 21.0.1 with PID 12900 (started by Alan in C:\Users\Alan\Documents\Generation\proyecto-integrador-backend\proyecto-integrado-backend\sp3_ecommerce)
2024-01-18T10:44:10.641-06:00  INFO 12900 --- [    Test worker] o.g.app.Sp3EcommerceApplicationTests     : The following 1 profile is active: "${PROFILE}"
2024-01-18T10:44:11.602-06:00  INFO 12900 --- [    Test worker] .s.d.r.c.RepositoryConfigurationDelegate : Bootstrapping Spring Data JPA repositories in DEFAULT mode.
2024-01-18T10:44:11.707-06:00  INFO 12900 --- [    Test worker] .s.d.r.c.RepositoryConfigurationDelegate : Finished Spring Data repository scanning in 89 ms. Found 5 JPA repository interfaces.
2024-01-18T10:44:12.313-06:00  INFO 12900 --- [    Test worker] com.zaxxer.hikari.HikariDataSource       : HikariPool-1 - Starting...
2024-01-18T10:44:12.576-06:00  INFO 12900 --- [    Test worker] com.zaxxer.hikari.pool.HikariPool        : HikariPool-1 - Added connection conn0: url=jdbc:h2:mem:893b01ac-d7e1-47d1-92da-76edf8a937df user=SA
2024-01-18T10:44:12.579-06:00  INFO 12900 --- [    Test worker] com.zaxxer.hikari.HikariDataSource       : HikariPool-1 - Start completed.
2024-01-18T10:44:12.653-06:00  INFO 12900 --- [    Test worker] o.hibernate.jpa.internal.util.LogHelper  : HHH000204: Processing PersistenceUnitInfo [name: default]
2024-01-18T10:44:12.758-06:00  INFO 12900 --- [    Test worker] org.hibernate.Version                    : HHH000412: Hibernate ORM core version 6.4.1.Final
2024-01-18T10:44:12.812-06:00  INFO 12900 --- [    Test worker] o.h.c.internal.RegionFactoryInitiator    : HHH000026: Second-level cache disabled
2024-01-18T10:44:13.231-06:00  INFO 12900 --- [    Test worker] o.s.o.j.p.SpringPersistenceUnitInfo      : No LoadTimeWeaver setup: ignoring JPA class transformer
2024-01-18T10:44:14.553-06:00  INFO 12900 --- [    Test worker] o.h.e.t.j.p.i.JtaPlatformInitiator       : HHH000489: No JTA platform available (set 'hibernate.transaction.jta.platform' to enable JTA platform integration)
2024-01-18T10:44:14.574-06:00 DEBUG 12900 --- [    Test worker] org.hibernate.SQL                        : 
    drop table if exists orders cascade 
2024-01-18T10:44:14.579-06:00 DEBUG 12900 --- [    Test worker] org.hibernate.SQL                        : 
    drop table if exists orders_has_products cascade 
2024-01-18T10:44:14.579-06:00 DEBUG 12900 --- [    Test worker] org.hibernate.SQL                        : 
    drop table if exists privileges cascade 
2024-01-18T10:44:14.579-06:00 DEBUG 12900 --- [    Test worker] org.hibernate.SQL                        : 
    drop table if exists products cascade 
2024-01-18T10:44:14.580-06:00 DEBUG 12900 --- [    Test worker] org.hibernate.SQL                        : 
    drop table if exists users cascade 
2024-01-18T10:44:14.587-06:00 DEBUG 12900 --- [    Test worker] org.hibernate.SQL                        : 
    create table orders (
        total float(53) not null,
        fk_user_id bigint not null,
        id_order bigint generated by default as identity,
        order_date timestamp(6),
        primary key (id_order)
    )
2024-01-18T10:44:14.597-06:00 DEBUG 12900 --- [    Test worker] org.hibernate.SQL                        : 
    create table orders_has_products (
        order_id_order bigint not null,
        product_id_product bigint not null,
        primary key (order_id_order, product_id_product)
    )
2024-01-18T10:44:14.599-06:00 DEBUG 12900 --- [    Test worker] org.hibernate.SQL                        : 
    create table privileges (
        id_privilege bigint generated by default as identity,
        privilege varchar(45) not null,
        primary key (id_privilege)
    )
2024-01-18T10:44:14.601-06:00 DEBUG 12900 --- [    Test worker] org.hibernate.SQL                        : 
    create table products (
        active boolean,
        height float(53) not null,
        price float(53) not null,
        width float(53) not null,
        id_product bigint generated by default as identity,
        color varchar(25) not null,
        title varchar(45) not null,
        technique varchar(300) not null,
        img varchar(500) not null unique,
        primary key (id_product)
    )
2024-01-18T10:44:14.605-06:00 DEBUG 12900 --- [    Test worker] org.hibernate.SQL                        : 
    create table users (
        fk_privilege bigint not null,
        id bigint generated by default as identity,
        email varchar(35) not null unique,
        first_name varchar(45) not null,
        last_name varchar(45) not null,
        password varchar(45) not null,
        phone varchar(45),
        primary key (id)
    )
2024-01-18T10:44:14.607-06:00 DEBUG 12900 --- [    Test worker] org.hibernate.SQL                        : 
    alter table if exists orders 
       add constraint FKh28k2xo20juv4t0x5h8kfuqym 
       foreign key (fk_user_id) 
       references users
2024-01-18T10:44:14.620-06:00 DEBUG 12900 --- [    Test worker] org.hibernate.SQL                        : 
    alter table if exists orders_has_products 
       add constraint FKhkldx32lbyapswmq43in26r75 
       foreign key (order_id_order) 
       references orders
2024-01-18T10:44:14.622-06:00 DEBUG 12900 --- [    Test worker] org.hibernate.SQL                        : 
    alter table if exists orders_has_products 
       add constraint FKjfyaxpmi25ggc0f8mchqceoqf 
       foreign key (product_id_product) 
       references products
2024-01-18T10:44:14.624-06:00 DEBUG 12900 --- [    Test worker] org.hibernate.SQL                        : 
    alter table if exists users 
       add constraint FK722w3cktji3ne997kbr895bke 
       foreign key (fk_privilege) 
       references privileges
2024-01-18T10:44:14.634-06:00  INFO 12900 --- [    Test worker] j.LocalContainerEntityManagerFactoryBean : Initialized JPA EntityManagerFactory for persistence unit 'default'
2024-01-18T10:44:15.519-06:00  WARN 12900 --- [    Test worker] JpaBaseConfiguration$JpaWebConfiguration : spring.jpa.open-in-view is enabled by default. Therefore, database queries may be performed during view rendering. Explicitly configure spring.jpa.open-in-view to disable this warning
2024-01-18T10:44:15.548-06:00  INFO 12900 --- [    Test worker] o.s.b.a.w.s.WelcomePageHandlerMapping    : Adding welcome page: class path resource [static/index.html]
2024-01-18T10:44:15.996-06:00  INFO 12900 --- [    Test worker] o.g.app.Sp3EcommerceApplicationTests     : Started Sp3EcommerceApplicationTests in 5.709 seconds (process running for 7.392)
]]></system-out>
  <system-err><![CDATA[WARNING: A Java agent has been loaded dynamically (C:\Users\Alan\.gradle\caches\modules-2\files-2.1\net.bytebuddy\byte-buddy-agent\1.14.10\90ed94ac044ea8953b224304c762316e91fd6b31\byte-buddy-agent-1.14.10.jar)
WARNING: If a serviceability tool is in use, please run with -XX:+EnableDynamicAgentLoading to hide this warning
WARNING: If a serviceability tool is not in use, please run with -Djdk.instrument.traceUsage for more information
WARNING: Dynamic loading of agents will be disallowed by default in a future release
]]></system-err>
</testsuite>
